# JRE version: Java(TM) SE Runtime Environment (7.0_40-b43) (build 1.7.0_40-b43)
# Java VM: Java HotSpot(TM) Client VM (24.65-b04 mixed mode windows-x86 )
Heap
 def new generation   total 31424K, used 8314K [0x04800000, 0x06a10000, 0x09d50000)
  eden space 27968K,  17% used [0x04800000, 0x04cbe828, 0x06350000)
  from space 3456K, 100% used [0x066b0000, 0x06a10000, 0x06a10000)
  to   space 3456K,   0% used [0x06350000, 0x06350000, 0x066b0000)
 tenured generation   total 69696K, used 51896K [0x09d50000, 0x0e160000, 0x14800000)
   the space 69696K,  74% used [0x09d50000, 0x0cffe028, 0x0cffe200, 0x0e160000)
 compacting perm gen  total 33024K, used 32992K [0x14800000, 0x16840000, 0x24800000)
   the space 33024K,  99% used [0x14800000, 0x16838220, 0x16838400, 0x16840000)
GC Heap History (10 events):
Event: 15.245 GC heap before
{Heap before GC invocations=183 (full 6):
 def new generation   total 31424K, used 27968K [0x04800000, 0x06a10000, 0x09d50000)
  eden space 27968K, 100% used [0x04800000, 0x06350000, 0x06350000)
  from space 3456K,   0% used [0x06350000, 0x06350000, 0x066b0000)
  to   space 3456K,   0% used [0x066b0000, 0x066b0000, 0x06a10000)
 tenured generation   total 69696K, used 41816K [0x09d50000, 0x0e160000, 0x14800000)
   the space 69696K,  59% used [0x09d50000, 0x0c626370, 0x0c626400, 0x0e160000)
 compacting perm gen  total 30976K, used 30738K [0x14800000, 0x16640000, 0x24800000)
   the space 30976K,  99% used [0x14800000, 0x166049d0, 0x16604a00, 0x16640000)
No shared spaces configured.
Event: 15.254 GC heap after
Heap after GC invocations=184 (full 6):
 def new generation   total 31424K, used 3339K [0x04800000, 0x06a10000, 0x09d50000)
  eden space 27968K,   0% used [0x04800000, 0x04800000, 0x06350000)
  from space 3456K,  96% used [0x066b0000, 0x069f2f38, 0x06a10000)
  to   space 3456K,   0% used [0x06350000, 0x06350000, 0x066b0000)
 tenured generation   total 69696K, used 41816K [0x09d50000, 0x0e160000, 0x14800000)
   the space 69696K,  59% used [0x09d50000, 0x0c626370, 0x0c626400, 0x0e160000)
 compacting perm gen  total 30976K, used 30738K [0x14800000, 0x16640000, 0x24800000)
   the space 30976K,  99% used [0x14800000, 0x166049d0, 0x16604a00, 0x16640000)
No shared spaces configured.
}
Event: 15.473 GC heap before
{Heap before GC invocations=184 (full 6):
 def new generation   total 31424K, used 31307K [0x04800000, 0x06a10000, 0x09d50000)
  eden space 27968K, 100% used [0x04800000, 0x06350000, 0x06350000)
  from space 3456K,  96% used [0x066b0000, 0x069f2f38, 0x06a10000)
  to   space 3456K,   0% used [0x06350000, 0x06350000, 0x066b0000)
 tenured generation   total 69696K, used 41816K [0x09d50000, 0x0e160000, 0x14800000)
   the space 69696K,  59% used [0x09d50000, 0x0c626370, 0x0c626400, 0x0e160000)
 compacting perm gen  total 31232K, used 31061K [0x14800000, 0x16680000, 0x24800000)
   the space 31232K,  99% used [0x14800000, 0x166555a8, 0x16655600, 0x16680000)
No shared spaces configured.
Event: 15.488 GC heap after
Heap after GC invocations=185 (full 6):
 def new generation   total 31424K, used 3362K [0x04800000, 0x06a10000, 0x09d50000)
  eden space 27968K,   0% used [0x04800000, 0x04800000, 0x06350000)
  from space 3456K,  97% used [0x06350000, 0x06698860, 0x066b0000)
  to   space 3456K,   0% used [0x066b0000, 0x066b0000, 0x06a10000)
 tenured generation   total 69696K, used 45095K [0x09d50000, 0x0e160000, 0x14800000)
   the space 69696K,  64% used [0x09d50000, 0x0c959d28, 0x0c959e00, 0x0e160000)
 compacting perm gen  total 31232K, used 31061K [0x14800000, 0x16680000, 0x24800000)
   the space 31232K,  99% used [0x14800000, 0x166555a8, 0x16655600, 0x16680000)
No shared spaces configured.
}
Event: 19.252 GC heap before
{Heap before GC invocations=185 (full 6):
 def new generation   total 31424K, used 31330K [0x04800000, 0x06a10000, 0x09d50000)
  eden space 27968K, 100% used [0x04800000, 0x06350000, 0x06350000)
  from space 3456K,  97% used [0x06350000, 0x06698860, 0x066b0000)
  to   space 3456K,   0% used [0x066b0000, 0x066b0000, 0x06a10000)
 tenured generation   total 69696K, used 45095K [0x09d50000, 0x0e160000, 0x14800000)
   the space 69696K,  64% used [0x09d50000, 0x0c959d28, 0x0c959e00, 0x0e160000)
 compacting perm gen  total 31744K, used 31660K [0x14800000, 0x16700000, 0x24800000)
   the space 31744K,  99% used [0x14800000, 0x166eb2d0, 0x166eb400, 0x16700000)
No shared spaces configured.
Event: 19.264 GC heap after
Heap after GC invocations=186 (full 6):
 def new generation   total 31424K, used 2256K [0x04800000, 0x06a10000, 0x09d50000)
  eden space 27968K,   0% used [0x04800000, 0x04800000, 0x06350000)
  from space 3456K,  65% used [0x066b0000, 0x068e4240, 0x06a10000)
  to   space 3456K,   0% used [0x06350000, 0x06350000, 0x066b0000)
 tenured generation   total 69696K, used 48323K [0x09d50000, 0x0e160000, 0x14800000)
   the space 69696K,  69% used [0x09d50000, 0x0cc80ee0, 0x0cc81000, 0x0e160000)
 compacting perm gen  total 31744K, used 31660K [0x14800000, 0x16700000, 0x24800000)
   the space 31744K,  99% used [0x14800000, 0x166eb2d0, 0x166eb400, 0x16700000)
No shared spaces configured.
}
Event: 20.697 GC heap before
{Heap before GC invocations=186 (full 6):
 def new generation   total 31424K, used 30224K [0x04800000, 0x06a10000, 0x09d50000)
  eden space 27968K, 100% used [0x04800000, 0x06350000, 0x06350000)
  from space 3456K,  65% used [0x066b0000, 0x068e4240, 0x06a10000)
  to   space 3456K,   0% used [0x06350000, 0x06350000, 0x066b0000)
 tenured generation   total 69696K, used 48323K [0x09d50000, 0x0e160000, 0x14800000)
   the space 69696K,  69% used [0x09d50000, 0x0cc80ee0, 0x0cc81000, 0x0e160000)
 compacting perm gen  total 33024K, used 32880K [0x14800000, 0x16840000, 0x24800000)
   the space 33024K,  99% used [0x14800000, 0x1681c2a8, 0x1681c400, 0x16840000)
No shared spaces configured.
Event: 20.706 GC heap after
Heap after GC invocations=187 (full 6):
 def new generation   total 31424K, used 2830K [0x04800000, 0x06a10000, 0x09d50000)
  eden space 27968K,   0% used [0x04800000, 0x04800000, 0x06350000)
  from space 3456K,  81% used [0x06350000, 0x066139a8, 0x066b0000)
  to   space 3456K,   0% used [0x066b0000, 0x066b0000, 0x06a10000)
 tenured generation   total 69696K, used 49246K [0x09d50000, 0x0e160000, 0x14800000)
   the space 69696K,  70% used [0x09d50000, 0x0cd67b60, 0x0cd67c00, 0x0e160000)
 compacting perm gen  total 33024K, used 32880K [0x14800000, 0x16840000, 0x24800000)
   the space 33024K,  99% used [0x14800000, 0x1681c2a8, 0x1681c400, 0x16840000)
No shared spaces configured.
}
Event: 21.144 GC heap before
{Heap before GC invocations=187 (full 6):
 def new generation   total 31424K, used 30798K [0x04800000, 0x06a10000, 0x09d50000)
  eden space 27968K, 100% used [0x04800000, 0x06350000, 0x06350000)
  from space 3456K,  81% used [0x06350000, 0x066139a8, 0x066b0000)
  to   space 3456K,   0% used [0x066b0000, 0x066b0000, 0x06a10000)
 tenured generation   total 69696K, used 49246K [0x09d50000, 0x0e160000, 0x14800000)
   the space 69696K,  70% used [0x09d50000, 0x0cd67b60, 0x0cd67c00, 0x0e160000)
 compacting perm gen  total 33024K, used 32992K [0x14800000, 0x16840000, 0x24800000)
   the space 33024K,  99% used [0x14800000, 0x16838220, 0x16838400, 0x16840000)
No shared spaces configured.
Event: 21.157 GC heap after
Heap after GC invocations=188 (full 6):
 def new generation   total 31424K, used 3456K [0x04800000, 0x06a10000, 0x09d50000)
  eden space 27968K,   0% used [0x04800000, 0x04800000, 0x06350000)
  from space 3456K, 100% used [0x066b0000, 0x06a10000, 0x06a10000)
  to   space 3456K,   0% used [0x06350000, 0x06350000, 0x066b0000)
 tenured generation   total 69696K, used 51896K [0x09d50000, 0x0e160000, 0x14800000)
   the space 69696K,  74% used [0x09d50000, 0x0cffe028, 0x0cffe200, 0x0e160000)
 compacting perm gen  total 33024K, used 32992K [0x14800000, 0x16840000, 0x24800000)
   the space 33024K,  99% used [0x14800000, 0x16838220, 0x16838400, 0x16840000)
No shared spaces configured.
}

